app/build/outputs/logs/manifest-merger-debug-report.txt
-- Merging decision tree log ---
manifest
ADDED from src\main\AndroidManifest.xml:2:1-229:12
INJECTED from src\main\AndroidManifest.xml:2:1-229:12
INJECTED from src\main\AndroidManifest.xml:2:1-229:12
INJECTED from src\main\AndroidManifest.xml:2:1-229:12
MERGED from [com.ajts.androidmads.SQLite2Excel:library:1.0.2] AndroidManifest.xml:2:1-17:12
MERGED from [com.android.support:appcompat-v7:26.0.0-beta1] AndroidManifest.xml:17:1-31:12
MERGED from [com.android.support.constraint:constraint-layout:1.0.2] AndroidManifest.xml:2:1-11:12
MERGED from [com.android.support:animated-vector-drawable:26.0.0-beta1] AndroidManifest.xml:17:1-28:12
MERGED from [com.android.support:support-vector-drawable:26.0.0-beta1] AndroidManifest.xml:17:1-28:12
MERGED from [com.android.support:support-v4:26.0.0-beta1] AndroidManifest.xml:17:1-31:12
MERGED from [com.android.support:support-media-compat:26.0.0-beta1] AndroidManifest.xml:17:1-31:12
MERGED from [com.android.support:support-fragment:26.0.0-beta1] AndroidManifest.xml:17:1-31:12
MERGED from [com.android.support:support-core-utils:26.0.0-beta1] AndroidManifest.xml:17:1-31:12
MERGED from [com.android.support:support-core-ui:26.0.0-beta1] AndroidManifest.xml:17:1-31:12
MERGED from [com.android.support:support-compat:26.0.0-beta1] AndroidManifest.xml:17:1-31:12
INJECTED from src\main\AndroidManifest.xml:2:1-229:12
INJECTED from src\main\AndroidManifest.xml:2:1-229:12
INJECTED from src\main\AndroidManifest.xml:2:1-229:12
	package
		ADDED from src\main\AndroidManifest.xml:3:5-53
		INJECTED from src\main\AndroidManifest.xml
		INJECTED from src\main\AndroidManifest.xml
	android:versionName
		INJECTED from src\main\AndroidManifest.xml
		ADDED from src\main\AndroidManifest.xml:2:1-229:12
		INJECTED from src\main\AndroidManifest.xml
	android:versionCode
		INJECTED from src\main\AndroidManifest.xml
		ADDED from src\main\AndroidManifest.xml:2:1-229:12
		INJECTED from src\main\AndroidManifest.xml
	xmlns:android
		ADDED from src\main\AndroidManifest.xml:2:11-69
uses-permission#android.permission.WRITE_EXTERNAL_STORAGE
ADDED from src\main\AndroidManifest.xml:5:5-81
	android:name
		ADDED from src\main\AndroidManifest.xml:5:22-78
uses-permission#android.permission.READ_EXTERNAL_STORAGE
ADDED from src\main\AndroidManifest.xml:6:5-80
	android:name
		ADDED from src\main\AndroidManifest.xml:6:22-77
application
ADDED from src\main\AndroidManifest.xml:8:5-227:19
MERGED from [com.ajts.androidmads.SQLite2Excel:library:1.0.2] AndroidManifest.xml:11:5-15:19
MERGED from [com.ajts.androidmads.SQLite2Excel:library:1.0.2] AndroidManifest.xml:11:5-15:19
MERGED from [com.android.support:appcompat-v7:26.0.0-beta1] AndroidManifest.xml:25:5-29:19
MERGED from [com.android.support:appcompat-v7:26.0.0-beta1] AndroidManifest.xml:25:5-29:19
MERGED from [com.android.support.constraint:constraint-layout:1.0.2] AndroidManifest.xml:9:5-20
MERGED from [com.android.support.constraint:constraint-layout:1.0.2] AndroidManifest.xml:9:5-20
MERGED from [com.android.support:animated-vector-drawable:26.0.0-beta1] AndroidManifest.xml:22:5-26:19
MERGED from [com.android.support:animated-vector-drawable:26.0.0-beta1] AndroidManifest.xml:22:5-26:19
MERGED from [com.android.support:support-vector-drawable:26.0.0-beta1] AndroidManifest.xml:22:5-26:19
MERGED from [com.android.support:support-vector-drawable:26.0.0-beta1] AndroidManifest.xml:22:5-26:19
MERGED from [com.android.support:support-v4:26.0.0-beta1] AndroidManifest.xml:25:5-29:19
MERGED from [com.android.support:support-v4:26.0.0-beta1] AndroidManifest.xml:25:5-29:19
MERGED from [com.android.support:support-media-compat:26.0.0-beta1] AndroidManifest.xml:25:5-29:19
MERGED from [com.android.support:support-media-compat:26.0.0-beta1] AndroidManifest.xml:25:5-29:19
MERGED from [com.android.support:support-fragment:26.0.0-beta1] AndroidManifest.xml:25:5-29:19
MERGED from [com.android.support:support-fragment:26.0.0-beta1] AndroidManifest.xml:25:5-29:19
MERGED from [com.android.support:support-core-utils:26.0.0-beta1] AndroidManifest.xml:25:5-29:19
MERGED from [com.android.support:support-core-utils:26.0.0-beta1] AndroidManifest.xml:25:5-29:19
MERGED from [com.android.support:support-core-ui:26.0.0-beta1] AndroidManifest.xml:25:5-29:19
MERGED from [com.android.support:support-core-ui:26.0.0-beta1] AndroidManifest.xml:25:5-29:19
MERGED from [com.android.support:support-compat:26.0.0-beta1] AndroidManifest.xml:25:5-29:19
MERGED from [com.android.support:support-compat:26.0.0-beta1] AndroidManifest.xml:25:5-29:19
	android:supportsRtl
		ADDED from src\main\AndroidManifest.xml:13:9-35
	android:label
		ADDED from src\main\AndroidManifest.xml:11:9-41
	android:roundIcon
		ADDED from src\main\AndroidManifest.xml:12:9-54
	android:icon
		ADDED from src\main\AndroidManifest.xml:10:9-38
	android:allowBackup
		ADDED from src\main\AndroidManifest.xml:9:9-35
	android:theme
		ADDED from src\main\AndroidManifest.xml:14:9-40
activity#com.example.asyrofiabdusani.tumbangapp.MainActivity
ADDED from src\main\AndroidManifest.xml:15:9-23:20
	android:label
		ADDED from src\main\AndroidManifest.xml:17:13-45
	android:name
		ADDED from src\main\AndroidManifest.xml:16:13-41
intent-filter#action:name:android.intent.action.MAIN+category:name:android.intent.category.LAUNCHER
ADDED from src\main\AndroidManifest.xml:18:13-22:29
action#android.intent.action.MAIN
ADDED from src\main\AndroidManifest.xml:19:17-69
	android:name
		ADDED from src\main\AndroidManifest.xml:19:25-66
category#android.intent.category.LAUNCHER
ADDED from src\main\AndroidManifest.xml:21:17-77
	android:name
		ADDED from src\main\AndroidManifest.xml:21:27-74
activity#com.example.asyrofiabdusani.tumbangapp.Pertumbuhan.PertumbuhanActivity
ADDED from src\main\AndroidManifest.xml:24:9-26:51
	android:label
		ADDED from src\main\AndroidManifest.xml:26:13-48
	android:name
		ADDED from src\main\AndroidManifest.xml:25:13-60
activity#com.example.asyrofiabdusani.tumbangapp.Perkembangan.KpspActivity
ADDED from src\main\AndroidManifest.xml:27:9-29:52
	android:label
		ADDED from src\main\AndroidManifest.xml:29:13-49
	android:name
		ADDED from src\main\AndroidManifest.xml:28:13-54
activity#com.example.asyrofiabdusani.tumbangapp.Stimulasi.StimulasiActivity
ADDED from src\main\AndroidManifest.xml:30:9-32:49
	android:label
		ADDED from src\main\AndroidManifest.xml:32:13-46
	android:name
		ADDED from src\main\AndroidManifest.xml:31:13-56
activity#com.example.asyrofiabdusani.tumbangapp.Laporan.LaporanPertumbuhanList
ADDED from src\main\AndroidManifest.xml:33:9-35:47
	android:label
		ADDED from src\main\AndroidManifest.xml:35:13-44
	android:name
		ADDED from src\main\AndroidManifest.xml:34:13-59
activity#com.example.asyrofiabdusani.tumbangapp.Data.DetailDataActivity
ADDED from src\main\AndroidManifest.xml:36:9-38:49
	android:label
		ADDED from src\main\AndroidManifest.xml:38:13-46
	android:name
		ADDED from src\main\AndroidManifest.xml:37:13-52
activity#com.example.asyrofiabdusani.tumbangapp.Data.DataActivity
ADDED from src\main\AndroidManifest.xml:39:9-41:49
	android:label
		ADDED from src\main\AndroidManifest.xml:41:13-46
	android:name
		ADDED from src\main\AndroidManifest.xml:40:13-46
activity#com.example.asyrofiabdusani.tumbangapp.Data.EditData
ADDED from src\main\AndroidManifest.xml:42:9-44:49
	android:label
		ADDED from src\main\AndroidManifest.xml:44:13-46
	android:name
		ADDED from src\main\AndroidManifest.xml:43:13-42
activity#com.example.asyrofiabdusani.tumbangapp.Search.SearchActivity
ADDED from src\main\AndroidManifest.xml:45:9-47:49
	android:label
		ADDED from src\main\AndroidManifest.xml:47:13-46
	android:name
		ADDED from src\main\AndroidManifest.xml:46:13-50
activity#com.example.asyrofiabdusani.tumbangapp.Stimulasi.GerakHalusActivity
ADDED from src\main\AndroidManifest.xml:48:9-50:49
	android:label
		ADDED from src\main\AndroidManifest.xml:50:13-46
	android:name
		ADDED from src\main\AndroidManifest.xml:49:13-57
activity#com.example.asyrofiabdusani.tumbangapp.Stimulasi.GerakKasarActivity
ADDED from src\main\AndroidManifest.xml:51:9-53:49
	android:label
		ADDED from src\main\AndroidManifest.xml:53:13-46
	android:name
		ADDED from src\main\AndroidManifest.xml:52:13-57
activity#com.example.asyrofiabdusani.tumbangapp.Stimulasi.SosialisasiActivity
ADDED from src\main\AndroidManifest.xml:54:9-56:49
	android:label
		ADDED from src\main\AndroidManifest.xml:56:13-46
	android:name
		ADDED from src\main\AndroidManifest.xml:55:13-58
activity#com.example.asyrofiabdusani.tumbangapp.Stimulasi.BahasaActivity
ADDED from src\main\AndroidManifest.xml:57:9-59:49
	android:label
		ADDED from src\main\AndroidManifest.xml:59:13-46
	android:name
		ADDED from src\main\AndroidManifest.xml:58:13-53
activity#com.example.asyrofiabdusani.tumbangapp.Stimulasi.Bahasa.Bahasa9
ADDED from src\main\AndroidManifest.xml:60:9-62:49
	android:label
		ADDED from src\main\AndroidManifest.xml:62:13-46
	android:name
		ADDED from src\main\AndroidManifest.xml:61:13-53
activity#com.example.asyrofiabdusani.tumbangapp.Stimulasi.Bahasa.Bahasa12
ADDED from src\main\AndroidManifest.xml:63:9-65:49
	android:label
		ADDED from src\main\AndroidManifest.xml:65:13-46
	android:name
		ADDED from src\main\AndroidManifest.xml:64:13-54
activity#com.example.asyrofiabdusani.tumbangapp.Stimulasi.Bahasa.Bahasa15
ADDED from src\main\AndroidManifest.xml:66:9-68:49
	android:label
		ADDED from src\main\AndroidManifest.xml:68:13-46
	android:name
		ADDED from src\main\AndroidManifest.xml:67:13-54
activity#com.example.asyrofiabdusani.tumbangapp.Stimulasi.Bahasa.Bahasa18
ADDED from src\main\AndroidManifest.xml:69:9-71:49
	android:label
		ADDED from src\main\AndroidManifest.xml:71:13-46
	android:name
		ADDED from src\main\AndroidManifest.xml:70:13-54
activity#com.example.asyrofiabdusani.tumbangapp.Stimulasi.Bahasa.Bahasa24
ADDED from src\main\AndroidManifest.xml:72:9-74:49
	android:label
		ADDED from src\main\AndroidManifest.xml:74:13-46
	android:name
		ADDED from src\main\AndroidManifest.xml:73:13-54
activity#com.example.asyrofiabdusani.tumbangapp.Stimulasi.Bahasa.Bahasa36
ADDED from src\main\AndroidManifest.xml:75:9-77:49
	android:label
		ADDED from src\main\AndroidManifest.xml:77:13-46
	android:name
		ADDED from src\main\AndroidManifest.xml:76:13-54
activity#com.example.asyrofiabdusani.tumbangapp.Stimulasi.Bahasa.Bahasa48
ADDED from src\main\AndroidManifest.xml:78:9-80:49
	android:label
		ADDED from src\main\AndroidManifest.xml:80:13-46
	android:name
		ADDED from src\main\AndroidManifest.xml:79:13-54
activity#com.example.asyrofiabdusani.tumbangapp.Stimulasi.Bahasa.Bahasa60
ADDED from src\main\AndroidManifest.xml:81:9-83:49
	android:label
		ADDED from src\main\AndroidManifest.xml:83:13-46
	android:name
		ADDED from src\main\AndroidManifest.xml:82:13-54
activity#com.example.asyrofiabdusani.tumbangapp.Stimulasi.Halus.Halus9
ADDED from src\main\AndroidManifest.xml:84:9-86:49
	android:label
		ADDED from src\main\AndroidManifest.xml:86:13-46
	android:name
		ADDED from src\main\AndroidManifest.xml:85:13-51
activity#com.example.asyrofiabdusani.tumbangapp.Stimulasi.Halus.Halus12
ADDED from src\main\AndroidManifest.xml:87:9-89:49
	android:label
		ADDED from src\main\AndroidManifest.xml:89:13-46
	android:name
		ADDED from src\main\AndroidManifest.xml:88:13-52
activity#com.example.asyrofiabdusani.tumbangapp.Stimulasi.Halus.Halus15
ADDED from src\main\AndroidManifest.xml:90:9-92:49
	android:label
		ADDED from src\main\AndroidManifest.xml:92:13-46
	android:name
		ADDED from src\main\AndroidManifest.xml:91:13-52
activity#com.example.asyrofiabdusani.tumbangapp.Stimulasi.Halus.Halus18
ADDED from src\main\AndroidManifest.xml:93:9-95:49
	android:label
		ADDED from src\main\AndroidManifest.xml:95:13-46
	android:name
		ADDED from src\main\AndroidManifest.xml:94:13-52
activity#com.example.asyrofiabdusani.tumbangapp.Stimulasi.Halus.Halus24
ADDED from src\main\AndroidManifest.xml:96:9-98:49
	android:label
		ADDED from src\main\AndroidManifest.xml:98:13-46
	android:name
		ADDED from src\main\AndroidManifest.xml:97:13-52
activity#com.example.asyrofiabdusani.tumbangapp.Stimulasi.Halus.Halus36
ADDED from src\main\AndroidManifest.xml:99:9-101:49
	android:label
		ADDED from src\main\AndroidManifest.xml:101:13-46
	android:name
		ADDED from src\main\AndroidManifest.xml:100:13-52
activity#com.example.asyrofiabdusani.tumbangapp.Stimulasi.Halus.Halus48
ADDED from src\main\AndroidManifest.xml:102:9-104:49
	android:label
		ADDED from src\main\AndroidManifest.xml:104:13-46
	android:name
		ADDED from src\main\AndroidManifest.xml:103:13-52
activity#com.example.asyrofiabdusani.tumbangapp.Stimulasi.Halus.Halus60
ADDED from src\main\AndroidManifest.xml:105:9-107:49
	android:label
		ADDED from src\main\AndroidManifest.xml:107:13-46
	android:name
		ADDED from src\main\AndroidManifest.xml:106:13-52
activity#com.example.asyrofiabdusani.tumbangapp.Stimulasi.Kasar.Kasar9
ADDED from src\main\AndroidManifest.xml:108:9-110:49
	android:label
		ADDED from src\main\AndroidManifest.xml:110:13-46
	android:name
		ADDED from src\main\AndroidManifest.xml:109:13-51
activity#com.example.asyrofiabdusani.tumbangapp.Stimulasi.Kasar.Kasar12
ADDED from src\main\AndroidManifest.xml:111:9-113:49
	android:label
		ADDED from src\main\AndroidManifest.xml:113:13-46
	android:name
		ADDED from src\main\AndroidManifest.xml:112:13-52
activity#com.example.asyrofiabdusani.tumbangapp.Stimulasi.Kasar.Kasar15
ADDED from src\main\AndroidManifest.xml:114:9-116:49
	android:label
		ADDED from src\main\AndroidManifest.xml:116:13-46
	android:name
		ADDED from src\main\AndroidManifest.xml:115:13-52
activity#com.example.asyrofiabdusani.tumbangapp.Stimulasi.Kasar.Kasar18
ADDED from src\main\AndroidManifest.xml:117:9-119:49
	android:label
		ADDED from src\main\AndroidManifest.xml:119:13-46
	android:name
		ADDED from src\main\AndroidManifest.xml:118:13-52
activity#com.example.asyrofiabdusani.tumbangapp.Stimulasi.Kasar.Kasar24
ADDED from src\main\AndroidManifest.xml:120:9-122:49
	android:label
		ADDED from src\main\AndroidManifest.xml:122:13-46
	android:name
		ADDED from src\main\AndroidManifest.xml:121:13-52
activity#com.example.asyrofiabdusani.tumbangapp.Stimulasi.Kasar.Kasar36
ADDED from src\main\AndroidManifest.xml:123:9-125:49
	android:label
		ADDED from src\main\AndroidManifest.xml:125:13-46
	android:name
		ADDED from src\main\AndroidManifest.xml:124:13-52
activity#com.example.asyrofiabdusani.tumbangapp.Stimulasi.Kasar.Kasar48
ADDED from src\main\AndroidManifest.xml:126:9-128:49
	android:label
		ADDED from src\main\AndroidManifest.xml:128:13-46
	android:name
		ADDED from src\main\AndroidManifest.xml:127:13-52
activity#com.example.asyrofiabdusani.tumbangapp.Stimulasi.Kasar.Kasar60
ADDED from src\main\AndroidManifest.xml:129:9-131:49
	android:label
		ADDED from src\main\AndroidManifest.xml:131:13-46
	android:name
		ADDED from src\main\AndroidManifest.xml:130:13-52
activity#com.example.asyrofiabdusani.tumbangapp.Stimulasi.Sosialisasi.Sosialisasi9
ADDED from src\main\AndroidManifest.xml:132:9-134:49
	android:label
		ADDED from src\main\AndroidManifest.xml:134:13-46
	android:name
		ADDED from src\main\AndroidManifest.xml:133:13-63
activity#com.example.asyrofiabdusani.tumbangapp.Stimulasi.Sosialisasi.Sosialisasi12
ADDED from src\main\AndroidManifest.xml:135:9-137:49
	android:label
		ADDED from src\main\AndroidManifest.xml:137:13-46
	android:name
		ADDED from src\main\AndroidManifest.xml:136:13-64
activity#com.example.asyrofiabdusani.tumbangapp.Stimulasi.Sosialisasi.Sosialisasi15
ADDED from src\main\AndroidManifest.xml:138:9-140:49
	android:label
		ADDED from src\main\AndroidManifest.xml:140:13-46
	android:name
		ADDED from src\main\AndroidManifest.xml:139:13-64
activity#com.example.asyrofiabdusani.tumbangapp.Stimulasi.Sosialisasi.Sosialisasi18
ADDED from src\main\AndroidManifest.xml:141:9-143:49
	android:label
		ADDED from src\main\AndroidManifest.xml:143:13-46
	android:name
		ADDED from src\main\AndroidManifest.xml:142:13-64
activity#com.example.asyrofiabdusani.tumbangapp.Stimulasi.Sosialisasi.Sosialisasi24
ADDED from src\main\AndroidManifest.xml:144:9-146:49
	android:label
		ADDED from src\main\AndroidManifest.xml:146:13-46
	android:name
		ADDED from src\main\AndroidManifest.xml:145:13-64
activity#com.example.asyrofiabdusani.tumbangapp.Stimulasi.Sosialisasi.Sosialisasi36
ADDED from src\main\AndroidManifest.xml:147:9-149:49
	android:label
		ADDED from src\main\AndroidManifest.xml:149:13-46
	android:name
		ADDED from src\main\AndroidManifest.xml:148:13-64
activity#com.example.asyrofiabdusani.tumbangapp.Stimulasi.Sosialisasi.Sosialisasi48
ADDED from src\main\AndroidManifest.xml:150:9-152:49
	android:label
		ADDED from src\main\AndroidManifest.xml:152:13-46
	android:name
		ADDED from src\main\AndroidManifest.xml:151:13-64
activity#com.example.asyrofiabdusani.tumbangapp.Stimulasi.Sosialisasi.Sosialisasi60
ADDED from src\main\AndroidManifest.xml:153:9-155:49
	android:label
		ADDED from src\main\AndroidManifest.xml:155:13-46
	android:name
		ADDED from src\main\AndroidManifest.xml:154:13-64
activity#com.example.asyrofiabdusani.tumbangapp.Search.SearchPertumbuhanActivity
ADDED from src\main\AndroidManifest.xml:156:9-158:51
	android:label
		ADDED from src\main\AndroidManifest.xml:158:13-48
	android:name
		ADDED from src\main\AndroidManifest.xml:157:13-61
activity#com.example.asyrofiabdusani.tumbangapp.Pertumbuhan.HitungPertumbuhan
ADDED from src\main\AndroidManifest.xml:159:9-161:51
	android:label
		ADDED from src\main\AndroidManifest.xml:161:13-48
	android:name
		ADDED from src\main\AndroidManifest.xml:160:13-58
activity#com.example.asyrofiabdusani.tumbangapp.Perkembangan.PerkembanganActivity
ADDED from src\main\AndroidManifest.xml:162:9-164:52
	android:label
		ADDED from src\main\AndroidManifest.xml:164:13-49
	android:name
		ADDED from src\main\AndroidManifest.xml:163:13-62
activity#com.example.asyrofiabdusani.tumbangapp.Search.SearchPerkembanganActivity
ADDED from src\main\AndroidManifest.xml:165:9-167:52
	android:label
		ADDED from src\main\AndroidManifest.xml:167:13-49
	android:name
		ADDED from src\main\AndroidManifest.xml:166:13-62
activity#com.example.asyrofiabdusani.tumbangapp.Perkembangan.MainKpspActivity
ADDED from src\main\AndroidManifest.xml:168:9-170:52
	android:label
		ADDED from src\main\AndroidManifest.xml:170:13-49
	android:name
		ADDED from src\main\AndroidManifest.xml:169:13-58
activity#com.example.asyrofiabdusani.tumbangapp.Perkembangan.Kpsp2Activity
ADDED from src\main\AndroidManifest.xml:171:9-173:52
	android:label
		ADDED from src\main\AndroidManifest.xml:173:13-49
	android:name
		ADDED from src\main\AndroidManifest.xml:172:13-55
activity#com.example.asyrofiabdusani.tumbangapp.Perkembangan.DiagnosisKpspActivity
ADDED from src\main\AndroidManifest.xml:174:9-176:52
	android:label
		ADDED from src\main\AndroidManifest.xml:176:13-49
	android:name
		ADDED from src\main\AndroidManifest.xml:175:13-63
activity#com.example.asyrofiabdusani.tumbangapp.Perkembangan.Kpsp3Activity
ADDED from src\main\AndroidManifest.xml:177:9-179:52
	android:label
		ADDED from src\main\AndroidManifest.xml:179:13-49
	android:name
		ADDED from src\main\AndroidManifest.xml:178:13-55
activity#com.example.asyrofiabdusani.tumbangapp.Perkembangan.Kpsp4Activity
ADDED from src\main\AndroidManifest.xml:180:9-182:52
	android:label
		ADDED from src\main\AndroidManifest.xml:182:13-49
	android:name
		ADDED from src\main\AndroidManifest.xml:181:13-55
activity#com.example.asyrofiabdusani.tumbangapp.Perkembangan.Kpsp5Activity
ADDED from src\main\AndroidManifest.xml:183:9-185:52
	android:label
		ADDED from src\main\AndroidManifest.xml:185:13-49
	android:name
		ADDED from src\main\AndroidManifest.xml:184:13-55
activity#com.example.asyrofiabdusani.tumbangapp.Perkembangan.Kpsp6Activity
ADDED from src\main\AndroidManifest.xml:186:9-188:52
	android:label
		ADDED from src\main\AndroidManifest.xml:188:13-49
	android:name
		ADDED from src\main\AndroidManifest.xml:187:13-55
activity#com.example.asyrofiabdusani.tumbangapp.Perkembangan.Kpsp7Activity
ADDED from src\main\AndroidManifest.xml:189:9-191:52
	android:label
		ADDED from src\main\AndroidManifest.xml:191:13-49
	android:name
		ADDED from src\main\AndroidManifest.xml:190:13-55
activity#com.example.asyrofiabdusani.tumbangapp.Perkembangan.Kpsp8Activity
ADDED from src\main\AndroidManifest.xml:192:9-194:52
	android:label
		ADDED from src\main\AndroidManifest.xml:194:13-49
	android:name
		ADDED from src\main\AndroidManifest.xml:193:13-55
activity#com.example.asyrofiabdusani.tumbangapp.Perkembangan.Kpsp9Activity
ADDED from src\main\AndroidManifest.xml:195:9-197:52
	android:label
		ADDED from src\main\AndroidManifest.xml:197:13-49
	android:name
		ADDED from src\main\AndroidManifest.xml:196:13-55
activity#com.example.asyrofiabdusani.tumbangapp.Perkembangan.Kpsp10Activity
ADDED from src\main\AndroidManifest.xml:198:9-200:52
	android:label
		ADDED from src\main\AndroidManifest.xml:200:13-49
	android:name
		ADDED from src\main\AndroidManifest.xml:199:13-56
activity#com.example.asyrofiabdusani.tumbangapp.Perkembangan.PrepareActivity
ADDED from src\main\AndroidManifest.xml:201:9-203:52
	android:label
		ADDED from src\main\AndroidManifest.xml:203:13-49
	android:name
		ADDED from src\main\AndroidManifest.xml:202:13-57
activity#com.example.asyrofiabdusani.tumbangapp.Search.SearchLaporanActivity
ADDED from src\main\AndroidManifest.xml:204:9-206:47
	android:label
		ADDED from src\main\AndroidManifest.xml:206:13-44
	android:name
		ADDED from src\main\AndroidManifest.xml:205:13-57
activity#com.example.asyrofiabdusani.tumbangapp.Laporan.LaporanPertumbuhan
ADDED from src\main\AndroidManifest.xml:207:9-209:47
	android:label
		ADDED from src\main\AndroidManifest.xml:209:13-44
	android:name
		ADDED from src\main\AndroidManifest.xml:208:13-55
activity#com.example.asyrofiabdusani.tumbangapp.Laporan.LaporanPerkembangan
ADDED from src\main\AndroidManifest.xml:210:9-212:47
	android:label
		ADDED from src\main\AndroidManifest.xml:212:13-44
	android:name
		ADDED from src\main\AndroidManifest.xml:211:13-56
activity#com.example.asyrofiabdusani.tumbangapp.Search.SearchLaporanPerkembangan
ADDED from src\main\AndroidManifest.xml:213:9-215:47
	android:label
		ADDED from src\main\AndroidManifest.xml:215:13-44
	android:name
		ADDED from src\main\AndroidManifest.xml:214:13-61
activity#com.example.asyrofiabdusani.tumbangapp.Laporan.LaporanPerkembanganListAnak
ADDED from src\main\AndroidManifest.xml:216:9-218:47
	android:label
		ADDED from src\main\AndroidManifest.xml:218:13-44
	android:name
		ADDED from src\main\AndroidManifest.xml:217:13-64
activity#com.example.asyrofiabdusani.tumbangapp.Laporan.MenuLaporanActivity
ADDED from src\main\AndroidManifest.xml:219:9-221:47
	android:label
		ADDED from src\main\AndroidManifest.xml:221:13-44
	android:name
		ADDED from src\main\AndroidManifest.xml:220:13-56
activity#com.example.asyrofiabdusani.tumbangapp.Laporan.LaporanAnakActivity
ADDED from src\main\AndroidManifest.xml:222:9-224:47
	android:label
		ADDED from src\main\AndroidManifest.xml:224:13-44
	android:name
		ADDED from src\main\AndroidManifest.xml:223:13-56
activity#com.example.asyrofiabdusani.tumbangapp.Laporan.LaporanAnakKembang
ADDED from src\main\AndroidManifest.xml:225:9-64
	android:name
		ADDED from src\main\AndroidManifest.xml:225:19-61
activity#com.example.asyrofiabdusani.tumbangapp.Data.KeteranganActivity
ADDED from src\main\AndroidManifest.xml:226:9-70
	android:name
		ADDED from src\main\AndroidManifest.xml:226:19-58
uses-sdk
INJECTED from src\main\AndroidManifest.xml reason: use-sdk injection requested
INJECTED from src\main\AndroidManifest.xml
INJECTED from src\main\AndroidManifest.xml
MERGED from [com.ajts.androidmads.SQLite2Excel:library:1.0.2] AndroidManifest.xml:7:5-9:41
MERGED from [com.ajts.androidmads.SQLite2Excel:library:1.0.2] AndroidManifest.xml:7:5-9:41
MERGED from [com.android.support:appcompat-v7:26.0.0-beta1] AndroidManifest.xml:21:5-23:78
MERGED from [com.android.support:appcompat-v7:26.0.0-beta1] AndroidManifest.xml:21:5-23:78
MERGED from [com.android.support.constraint:constraint-layout:1.0.2] AndroidManifest.xml:5:5-7:41
MERGED from [com.android.support.constraint:constraint-layout:1.0.2] AndroidManifest.xml:5:5-7:41
MERGED from [com.android.support:animated-vector-drawable:26.0.0-beta1] AndroidManifest.xml:20:5-44
MERGED from [com.android.support:animated-vector-drawable:26.0.0-beta1] AndroidManifest.xml:20:5-44
MERGED from [com.android.support:support-vector-drawable:26.0.0-beta1] AndroidManifest.xml:20:5-44
MERGED from [com.android.support:support-vector-drawable:26.0.0-beta1] AndroidManifest.xml:20:5-44
MERGED from [com.android.support:support-v4:26.0.0-beta1] AndroidManifest.xml:21:5-23:54
MERGED from [com.android.support:support-v4:26.0.0-beta1] AndroidManifest.xml:21:5-23:54
MERGED from [com.android.support:support-media-compat:26.0.0-beta1] AndroidManifest.xml:21:5-23:63
MERGED from [com.android.support:support-media-compat:26.0.0-beta1] AndroidManifest.xml:21:5-23:63
MERGED from [com.android.support:support-fragment:26.0.0-beta1] AndroidManifest.xml:21:5-23:60
MERGED from [com.android.support:support-fragment:26.0.0-beta1] AndroidManifest.xml:21:5-23:60
MERGED from [com.android.support:support-core-utils:26.0.0-beta1] AndroidManifest.xml:21:5-23:61
MERGED from [com.android.support:support-core-utils:26.0.0-beta1] AndroidManifest.xml:21:5-23:61
MERGED from [com.android.support:support-core-ui:26.0.0-beta1] AndroidManifest.xml:21:5-23:58
MERGED from [com.android.support:support-core-ui:26.0.0-beta1] AndroidManifest.xml:21:5-23:58
MERGED from [com.android.support:support-compat:26.0.0-beta1] AndroidManifest.xml:21:5-23:58
MERGED from [com.android.support:support-compat:26.0.0-beta1] AndroidManifest.xml:21:5-23:58
INJECTED from src\main\AndroidManifest.xml
INJECTED from src\main\AndroidManifest.xml
	tools:overrideLibrary
		ADDED from [com.android.support:appcompat-v7:26.0.0-beta1] AndroidManifest.xml:23:9-75
	android:targetSdkVersion
		INJECTED from src\main\AndroidManifest.xml
		ADDED from src\main\AndroidManifest.xml
		INJECTED from src\main\AndroidManifest.xml
	android:minSdkVersion
		INJECTED from src\main\AndroidManifest.xml
		ADDED from src\main\AndroidManifest.xml
		INJECTED from src\main\AndroidManifest.xml
meta-data#android.support.VERSION
ADDED from [com.android.support:appcompat-v7:26.0.0-beta1] AndroidManifest.xml:26:9-28:44
MERGED from [com.android.support:animated-vector-drawable:26.0.0-beta1] AndroidManifest.xml:23:9-25:44
MERGED from [com.android.support:animated-vector-drawable:26.0.0-beta1] AndroidManifest.xml:23:9-25:44
MERGED from [com.android.support:support-vector-drawable:26.0.0-beta1] AndroidManifest.xml:23:9-25:44
MERGED from [com.android.support:support-vector-drawable:26.0.0-beta1] AndroidManifest.xml:23:9-25:44
MERGED from [com.android.support:support-v4:26.0.0-beta1] AndroidManifest.xml:26:9-28:44
MERGED from [com.android.support:support-v4:26.0.0-beta1] AndroidManifest.xml:26:9-28:44
MERGED from [com.android.support:support-media-compat:26.0.0-beta1] AndroidManifest.xml:26:9-28:44
MERGED from [com.android.support:support-media-compat:26.0.0-beta1] AndroidManifest.xml:26:9-28:44
MERGED from [com.android.support:support-fragment:26.0.0-beta1] AndroidManifest.xml:26:9-28:44
MERGED from [com.android.support:support-fragment:26.0.0-beta1] AndroidManifest.xml:26:9-28:44
MERGED from [com.android.support:support-core-utils:26.0.0-beta1] AndroidManifest.xml:26:9-28:44
MERGED from [com.android.support:support-core-utils:26.0.0-beta1] AndroidManifest.xml:26:9-28:44
MERGED from [com.android.support:support-core-ui:26.0.0-beta1] AndroidManifest.xml:26:9-28:44
MERGED from [com.android.support:support-core-ui:26.0.0-beta1] AndroidManifest.xml:26:9-28:44
MERGED from [com.android.support:support-compat:26.0.0-beta1] AndroidManifest.xml:26:9-28:44
MERGED from [com.android.support:support-compat:26.0.0-beta1] AndroidManifest.xml:26:9-28:44
	android:value
		ADDED from [com.android.support:appcompat-v7:26.0.0-beta1] AndroidManifest.xml:28:13-41
	android:name
		ADDED from [com.android.support:appcompat-v7:26.0.0-beta1] AndroidManifest.xml:27:13-51